This is pdfTeX, Version 3.14159265-2.6-1.40.20 (TeX Live 2019/Arch Linux) (preloaded format=pdflatex 2019.11.13)  2 DEC 2019 16:49
entering extended mode
 restricted \write18 enabled.
 %&-line parsing enabled.
**document.tex
(./document.tex
LaTeX2e <2019-10-01> patch level 1
(/usr/share/texmf-dist/tex/latex/base/article.cls
Document Class: article 2019/08/27 v1.4j Standard LaTeX document class
(/usr/share/texmf-dist/tex/latex/base/size10.clo
File: size10.clo 2019/08/27 v1.4j Standard LaTeX file (size option)
)
\c@part=\count80
\c@section=\count81
\c@subsection=\count82
\c@subsubsection=\count83
\c@paragraph=\count84
\c@subparagraph=\count85
\c@figure=\count86
\c@table=\count87
\abovecaptionskip=\skip41
\belowcaptionskip=\skip42
\bibindent=\dimen102
) (./document.aux)
\openout1 = `document.aux'.

LaTeX Font Info:    Checking defaults for OML/cmm/m/it on input line 7.
LaTeX Font Info:    ... okay on input line 7.
LaTeX Font Info:    Checking defaults for T1/cmr/m/n on input line 7.
LaTeX Font Info:    ... okay on input line 7.
LaTeX Font Info:    Checking defaults for OT1/cmr/m/n on input line 7.
LaTeX Font Info:    ... okay on input line 7.
LaTeX Font Info:    Checking defaults for OMS/cmsy/m/n on input line 7.
LaTeX Font Info:    ... okay on input line 7.
LaTeX Font Info:    Checking defaults for OMX/cmex/m/n on input line 7.
LaTeX Font Info:    ... okay on input line 7.
LaTeX Font Info:    Checking defaults for U/cmr/m/n on input line 7.
LaTeX Font Info:    ... okay on input line 7.
LaTeX Font Info:    External font `cmex10' loaded for size
(Font)              <12> on input line 9.
LaTeX Font Info:    External font `cmex10' loaded for size
(Font)              <8> on input line 9.
LaTeX Font Info:    External font `cmex10' loaded for size
(Font)              <6> on input line 9.
LaTeX Font Info:    External font `cmex10' loaded for size
(Font)              <7> on input line 25.
LaTeX Font Info:    External font `cmex10' loaded for size
(Font)              <5> on input line 25.

Overfull \hbox (4.55959pt too wide) detected at line 28
\OML/cmm/m/it/10 P \OT1/cmr/m/n/10 + (\OML/cmm/m/it/10 Q\OMS/cmsy/m/n/10 j\OML/
cmm/m/it/10 R\OT1/cmr/m/n/10 ) = (\OML/cmm/m/it/10 P \OT1/cmr/m/n/10 + \OML/cmm
/m/it/10 Q\OT1/cmr/m/n/10 )\OMS/cmsy/m/n/10 j\OT1/cmr/m/n/10 (\OML/cmm/m/it/10 
P \OT1/cmr/m/n/10 + \OML/cmm/m/it/10 R\OT1/cmr/m/n/10 ) \OMS/cmsy/m/n/10 ! \OML
/cmm/m/it/10 P \OT1/cmr/m/n/10 + (\OML/cmm/m/it/10 Q\OMS/cmsy/m/n/10 j\OML/cmm/
m/it/10 R\OT1/cmr/m/n/10 ) = (\OML/cmm/m/it/10 P\OMS/cmsy/m/n/10 j\OT1/cmr/m/n/
10 (\OML/cmm/m/it/10 P \OT1/cmr/m/n/10 + \OML/cmm/m/it/10 R\OT1/cmr/m/n/10 )) \
OMS/cmsy/m/n/10 ! \OML/cmm/m/it/10 P \OT1/cmr/m/n/10 + (\OML/cmm/m/it/10 Q\OMS/
cmsy/m/n/10 j\OML/cmm/m/it/10 R\OT1/cmr/m/n/10 ) \OMS/cmsy/m/n/10 6\OT1/cmr/m/n
/10 = (\OML/cmm/m/it/10 P\OMS/cmsy/m/n/10 j\OML/cmm/m/it/10 R\OT1/cmr/m/n/10 ) 
\OMS/cmsy/m/n/10 !
 []

[1

{/var/lib/texmf/fonts/map/pdftex/updmap/pdftex.map}] (./document.aux) ) 
Here is how much of TeX's memory you used:
 241 strings out of 492167
 2547 string characters out of 6131557
 63582 words of memory out of 5000000
 4681 multiletter control sequences out of 15000+600000
 7587 words of font info for 27 fonts, out of 8000000 for 9000
 1141 hyphenation exceptions out of 8191
 25i,6n,19p,131b,199s stack positions out of 5000i,500n,10000p,200000b,80000s
</usr/sh
are/texmf-dist/fonts/type1/public/amsfonts/cm/cmbx12.pfb></usr/share/texmf-dist
/fonts/type1/public/amsfonts/cm/cmmi10.pfb></usr/share/texmf-dist/fonts/type1/p
ublic/amsfonts/cm/cmr10.pfb></usr/share/texmf-dist/fonts/type1/public/amsfonts/
cm/cmr12.pfb></usr/share/texmf-dist/fonts/type1/public/amsfonts/cm/cmr17.pfb></
usr/share/texmf-dist/fonts/type1/public/amsfonts/cm/cmsy10.pfb>
Output written on document.pdf (1 page, 60965 bytes).
PDF statistics:
 32 PDF objects out of 1000 (max. 8388607)
 22 compressed objects within 1 object stream
 0 named destinations out of 1000 (max. 500000)
 1 words of extra memory for PDF output out of 10000 (max. 10000000)

