This is pdfTeX, Version 3.14159265-2.6-1.40.20 (TeX Live 2019/Arch Linux) (preloaded format=pdflatex 2019.11.13)  4 DEC 2019 11:06
entering extended mode
 restricted \write18 enabled.
 %&-line parsing enabled.
**serie6.tex
(./serie6.tex
LaTeX2e <2019-10-01> patch level 1
(/usr/share/texmf-dist/tex/latex/base/article.cls
Document Class: article 2019/08/27 v1.4j Standard LaTeX document class
(/usr/share/texmf-dist/tex/latex/base/size10.clo
File: size10.clo 2019/08/27 v1.4j Standard LaTeX file (size option)
)
\c@part=\count80
\c@section=\count81
\c@subsection=\count82
\c@subsubsection=\count83
\c@paragraph=\count84
\c@subparagraph=\count85
\c@figure=\count86
\c@table=\count87
\abovecaptionskip=\skip41
\belowcaptionskip=\skip42
\bibindent=\dimen102
)
(/usr/share/texmf-dist/tex/latex/amsmath/amsmath.sty
Package: amsmath 2019/04/01 v2.17c AMS math features
\@mathmargin=\skip43

For additional information on amsmath, use the `?' option.
(/usr/share/texmf-dist/tex/latex/amsmath/amstext.sty
Package: amstext 2000/06/29 v2.01 AMS text

(/usr/share/texmf-dist/tex/latex/amsmath/amsgen.sty
File: amsgen.sty 1999/11/30 v2.0 generic functions
\@emptytoks=\toks14
\ex@=\dimen103
))
(/usr/share/texmf-dist/tex/latex/amsmath/amsbsy.sty
Package: amsbsy 1999/11/29 v1.2d Bold Symbols
\pmbraise@=\dimen104
)
(/usr/share/texmf-dist/tex/latex/amsmath/amsopn.sty
Package: amsopn 2016/03/08 v2.02 operator names
)
\inf@bad=\count88
LaTeX Info: Redefining \frac on input line 227.
\uproot@=\count89
\leftroot@=\count90
LaTeX Info: Redefining \overline on input line 389.
\classnum@=\count91
\DOTSCASE@=\count92
LaTeX Info: Redefining \ldots on input line 486.
LaTeX Info: Redefining \dots on input line 489.
LaTeX Info: Redefining \cdots on input line 610.
\Mathstrutbox@=\box27
\strutbox@=\box28
\big@size=\dimen105
LaTeX Font Info:    Redeclaring font encoding OML on input line 733.
LaTeX Font Info:    Redeclaring font encoding OMS on input line 734.
\macc@depth=\count93
\c@MaxMatrixCols=\count94
\dotsspace@=\muskip10
\c@parentequation=\count95
\dspbrk@lvl=\count96
\tag@help=\toks15
\row@=\count97
\column@=\count98
\maxfields@=\count99
\andhelp@=\toks16
\eqnshift@=\dimen106
\alignsep@=\dimen107
\tagshift@=\dimen108
\tagwidth@=\dimen109
\totwidth@=\dimen110
\lineht@=\dimen111
\@envbody=\toks17
\multlinegap=\skip44
\multlinetaggap=\skip45
\mathdisplay@stack=\toks18
LaTeX Info: Redefining \[ on input line 2855.
LaTeX Info: Redefining \] on input line 2856.
) (./serie6.aux)
\openout1 = `serie6.aux'.

LaTeX Font Info:    Checking defaults for OML/cmm/m/it on input line 8.
LaTeX Font Info:    ... okay on input line 8.
LaTeX Font Info:    Checking defaults for T1/cmr/m/n on input line 8.
LaTeX Font Info:    ... okay on input line 8.
LaTeX Font Info:    Checking defaults for OT1/cmr/m/n on input line 8.
LaTeX Font Info:    ... okay on input line 8.
LaTeX Font Info:    Checking defaults for OMS/cmsy/m/n on input line 8.
LaTeX Font Info:    ... okay on input line 8.
LaTeX Font Info:    Checking defaults for OMX/cmex/m/n on input line 8.
LaTeX Font Info:    ... okay on input line 8.
LaTeX Font Info:    Checking defaults for U/cmr/m/n on input line 8.
LaTeX Font Info:    ... okay on input line 8.

Overfull \hbox (4.55959pt too wide) detected at line 30
\OML/cmm/m/it/10 P \OT1/cmr/m/n/10 + (\OML/cmm/m/it/10 Q\OMS/cmsy/m/n/10 j\OML/
cmm/m/it/10 R\OT1/cmr/m/n/10 ) = (\OML/cmm/m/it/10 P \OT1/cmr/m/n/10 + \OML/cmm
/m/it/10 Q\OT1/cmr/m/n/10 )\OMS/cmsy/m/n/10 j\OT1/cmr/m/n/10 (\OML/cmm/m/it/10 
P \OT1/cmr/m/n/10 + \OML/cmm/m/it/10 R\OT1/cmr/m/n/10 ) \OMS/cmsy/m/n/10 ! \OML
/cmm/m/it/10 P \OT1/cmr/m/n/10 + (\OML/cmm/m/it/10 Q\OMS/cmsy/m/n/10 j\OML/cmm/
m/it/10 R\OT1/cmr/m/n/10 ) = (\OML/cmm/m/it/10 P\OMS/cmsy/m/n/10 j\OT1/cmr/m/n/
10 (\OML/cmm/m/it/10 P \OT1/cmr/m/n/10 + \OML/cmm/m/it/10 R\OT1/cmr/m/n/10 )) \
OMS/cmsy/m/n/10 ! \OML/cmm/m/it/10 P \OT1/cmr/m/n/10 + (\OML/cmm/m/it/10 Q\OMS/
cmsy/m/n/10 j\OML/cmm/m/it/10 R\OT1/cmr/m/n/10 ) \OMS/cmsy/m/n/10 6\OT1/cmr/m/n
/10 = (\OML/cmm/m/it/10 P\OMS/cmsy/m/n/10 j\OML/cmm/m/it/10 R\OT1/cmr/m/n/10 ) 
\OMS/cmsy/m/n/10 !
 []


Overfull \hbox (15.98666pt too wide) in paragraph at lines 30--30
\OT1/cmr/m/n/10 Es ist nicht gle-ich, weil in der linken Gle-ichung ex-istiert 
keine Ableitungsm^^?oglichkeit,
 []

[1

{/var/lib/texmf/fonts/map/pdftex/updmap/pdftex.map}]
LaTeX Font Info:    Trying to load font information for OMS+cmr on input line 3
4.

(/usr/share/texmf-dist/tex/latex/base/omscmr.fd
File: omscmr.fd 2014/09/29 v2.5h Standard LaTeX font definitions
)
LaTeX Font Info:    Font shape `OMS/cmr/m/n' in size <10> not available
(Font)              Font shape `OMS/cmsy/m/n' tried instead on input line 34.

Overfull \hbox (25.33276pt too wide) in paragraph at lines 33--46
\OML/cmm/m/it/10 CT\OT1/cmr/m/n/10 (\OML/cmm/m/it/10 P\OT1/cmr/m/n/10 )$$=$\OMS
/cmsy/m/n/10 f$\OML/cmm/m/it/10 P[]$\OT1/cmr/m/n/10 ,$\OML/cmm/m/it/10 P[]$\OT1
/cmr/m/n/10 ,$\OML/cmm/m/it/10 P[]$\OT1/cmr/m/n/10 ,$\OML/cmm/m/it/10 P[]$\OT1/
cmr/m/n/10 ,$\OML/cmm/m/it/10 P[]$\OMS/cmsy/m/n/10 g$\OT1/cmr/m/n/10 = \OML/cmm
/m/it/10 CT\OT1/cmr/m/n/10 (\OML/cmm/m/it/10 Q\OT1/cmr/m/n/10 ) =$\OMS/cmsy/m/n
/10 f$\OML/cmm/m/it/10 Q[]$\OT1/cmr/m/n/10 ,$\OML/cmm/m/it/10 Q[]$\OT1/cmr/m/n/
10 ,$\OML/cmm/m/it/10 Q[]$\OT1/cmr/m/n/10 ,$\OML/cmm/m/it/10 Q[]$\OT1/cmr/m/n/1
0 ,$\OML/cmm/m/it/10 Q[]$
 []


Overfull \hbox (25.01175pt too wide) detected at line 58
[]
 []

[2] (./serie6.aux) ) 
Here is how much of TeX's memory you used:
 898 strings out of 492167
 9901 string characters out of 6131557
 78640 words of memory out of 5000000
 5315 multiletter control sequences out of 15000+600000
 8715 words of font info for 32 fonts, out of 8000000 for 9000
 1141 hyphenation exceptions out of 8191
 30i,8n,23p,497b,197s stack positions out of 5000i,500n,10000p,200000b,80000s
</usr/share/texmf-dist/fonts/type1/public/amsfonts/cm/cmbx1
2.pfb></usr/share/texmf-dist/fonts/type1/public/amsfonts/cm/cmmi10.pfb></usr/sh
are/texmf-dist/fonts/type1/public/amsfonts/cm/cmmi7.pfb></usr/share/texmf-dist/
fonts/type1/public/amsfonts/cm/cmr10.pfb></usr/share/texmf-dist/fonts/type1/pub
lic/amsfonts/cm/cmr12.pfb></usr/share/texmf-dist/fonts/type1/public/amsfonts/cm
/cmr17.pfb></usr/share/texmf-dist/fonts/type1/public/amsfonts/cm/cmr7.pfb></usr
/share/texmf-dist/fonts/type1/public/amsfonts/cm/cmsy10.pfb>
Output written on serie6.pdf (2 pages, 93699 bytes).
PDF statistics:
 43 PDF objects out of 1000 (max. 8388607)
 30 compressed objects within 1 object stream
 0 named destinations out of 1000 (max. 500000)
 1 words of extra memory for PDF output out of 10000 (max. 10000000)

