This is pdfTeX, Version 3.14159265-2.6-1.40.20 (TeX Live 2019/Arch Linux) (preloaded format=pdflatex 2019.11.13)  25 NOV 2019 20:54
entering extended mode
 restricted \write18 enabled.
 %&-line parsing enabled.
**serie3.tex
(./serie3.tex
LaTeX2e <2019-10-01> patch level 1
(/usr/share/texmf-dist/tex/latex/base/article.cls
Document Class: article 2019/08/27 v1.4j Standard LaTeX document class
(/usr/share/texmf-dist/tex/latex/base/size10.clo
File: size10.clo 2019/08/27 v1.4j Standard LaTeX file (size option)
)
\c@part=\count80
\c@section=\count81
\c@subsection=\count82
\c@subsubsection=\count83
\c@paragraph=\count84
\c@subparagraph=\count85
\c@figure=\count86
\c@table=\count87
\abovecaptionskip=\skip41
\belowcaptionskip=\skip42
\bibindent=\dimen102
)
(/usr/share/texmf-dist/tex/latex/pdfpages/pdfpages.sty
Package: pdfpages 2019/09/21 v0.5n Insert pages of external PDF documents (AM)

(/usr/share/texmf-dist/tex/latex/base/ifthen.sty
Package: ifthen 2014/09/29 v1.1c Standard LaTeX ifthen package (DPC)
)
(/usr/share/texmf-dist/tex/latex/tools/calc.sty
Package: calc 2017/05/25 v4.3 Infix arithmetic (KKT,FJ)
\calc@Acount=\count88
\calc@Bcount=\count89
\calc@Adimen=\dimen103
\calc@Bdimen=\dimen104
\calc@Askip=\skip43
\calc@Bskip=\skip44
LaTeX Info: Redefining \setlength on input line 80.
LaTeX Info: Redefining \addtolength on input line 81.
\calc@Ccount=\count90
\calc@Cskip=\skip45
)
(/usr/share/texmf-dist/tex/latex/eso-pic/eso-pic.sty
Package: eso-pic 2018/04/12 v2.0h eso-pic (RN)

(/usr/share/texmf-dist/tex/generic/oberdiek/atbegshi.sty
Package: atbegshi 2016/06/09 v1.18 At begin shipout hook (HO)

(/usr/share/texmf-dist/tex/generic/oberdiek/infwarerr.sty
Package: infwarerr 2016/05/16 v1.4 Providing info/warning/error messages (HO)
)
(/usr/share/texmf-dist/tex/generic/oberdiek/ltxcmds.sty
Package: ltxcmds 2016/05/16 v1.23 LaTeX kernel commands for general use (HO)
)
(/usr/share/texmf-dist/tex/generic/oberdiek/ifpdf.sty
Package: ifpdf 2018/09/07 v3.3 Provides the ifpdf switch
))
(/usr/share/texmf-dist/tex/latex/graphics/keyval.sty
Package: keyval 2014/10/28 v1.15 key=value parser (DPC)
\KV@toks@=\toks14
)
(/usr/share/texmf-dist/tex/latex/xcolor/xcolor.sty
Package: xcolor 2016/05/11 v2.12 LaTeX color extensions (UK)

(/usr/share/texmf-dist/tex/latex/graphics-cfg/color.cfg
File: color.cfg 2016/01/02 v1.6 sample color configuration
)
Package xcolor Info: Driver file: pdftex.def on input line 225.

(/usr/share/texmf-dist/tex/latex/graphics-def/pdftex.def
File: pdftex.def 2018/01/08 v1.0l Graphics/color driver for pdftex
)
Package xcolor Info: Model `cmy' substituted by `cmy0' on input line 1348.
Package xcolor Info: Model `hsb' substituted by `rgb' on input line 1352.
Package xcolor Info: Model `RGB' extended on input line 1364.
Package xcolor Info: Model `HTML' substituted by `rgb' on input line 1366.
Package xcolor Info: Model `Hsb' substituted by `hsb' on input line 1367.
Package xcolor Info: Model `tHsb' substituted by `hsb' on input line 1368.
Package xcolor Info: Model `HSB' substituted by `hsb' on input line 1369.
Package xcolor Info: Model `Gray' substituted by `gray' on input line 1370.
Package xcolor Info: Model `wave' substituted by `hsb' on input line 1371.
))
(/usr/share/texmf-dist/tex/latex/graphics/graphicx.sty
Package: graphicx 2017/06/01 v1.1a Enhanced LaTeX Graphics (DPC,SPQR)

(/usr/share/texmf-dist/tex/latex/graphics/graphics.sty
Package: graphics 2019/10/08 v1.3c Standard LaTeX Graphics (DPC,SPQR)

(/usr/share/texmf-dist/tex/latex/graphics/trig.sty
Package: trig 2016/01/03 v1.10 sin cos tan (DPC)
)
(/usr/share/texmf-dist/tex/latex/graphics-cfg/graphics.cfg
File: graphics.cfg 2016/06/04 v1.11 sample graphics configuration
)
Package graphics Info: Driver file: pdftex.def on input line 105.
)
\Gin@req@height=\dimen105
\Gin@req@width=\dimen106
)
\AM@pagewidth=\dimen107
\AM@pageheight=\dimen108

(/usr/share/texmf-dist/tex/latex/pdfpages/pppdftex.def
File: pppdftex.def 2019/09/21 v0.5n Pdfpages driver for pdfTeX (AM)
)
\AM@pagebox=\box27
\AM@global@opts=\toks15
\AM@toc@title=\toks16
\c@AM@survey=\count91
\AM@templatesizebox=\box28
) (./serie3.aux)
\openout1 = `serie3.aux'.

LaTeX Font Info:    Checking defaults for OML/cmm/m/it on input line 7.
LaTeX Font Info:    ... okay on input line 7.
LaTeX Font Info:    Checking defaults for T1/cmr/m/n on input line 7.
LaTeX Font Info:    ... okay on input line 7.
LaTeX Font Info:    Checking defaults for OT1/cmr/m/n on input line 7.
LaTeX Font Info:    ... okay on input line 7.
LaTeX Font Info:    Checking defaults for OMS/cmsy/m/n on input line 7.
LaTeX Font Info:    ... okay on input line 7.
LaTeX Font Info:    Checking defaults for OMX/cmex/m/n on input line 7.
LaTeX Font Info:    ... okay on input line 7.
LaTeX Font Info:    Checking defaults for U/cmr/m/n on input line 7.
LaTeX Font Info:    ... okay on input line 7.
\AtBeginShipoutBox=\box29

(/usr/share/texmf-dist/tex/context/base/mkii/supp-pdf.mkii
[Loading MPS to PDF converter (version 2006.09.02).]
\scratchcounter=\count92
\scratchdimen=\dimen109
\scratchbox=\box30
\nofMPsegments=\count93
\nofMParguments=\count94
\everyMPshowfont=\toks17
\MPscratchCnt=\count95
\MPscratchDim=\dimen110
\MPnumerator=\count96
\makeMPintoPDFobject=\count97
\everyMPtoPDFconversion=\toks18
) (/usr/share/texmf-dist/tex/latex/oberdiek/epstopdf-base.sty
Package: epstopdf-base 2016/05/15 v2.6 Base part for package epstopdf

(/usr/share/texmf-dist/tex/latex/oberdiek/grfext.sty
Package: grfext 2016/05/16 v1.2 Manage graphics extensions (HO)

(/usr/share/texmf-dist/tex/generic/oberdiek/kvdefinekeys.sty
Package: kvdefinekeys 2016/05/16 v1.4 Define keys (HO)
))
(/usr/share/texmf-dist/tex/latex/oberdiek/kvoptions.sty
Package: kvoptions 2016/05/16 v3.12 Key value format for package options (HO)

(/usr/share/texmf-dist/tex/generic/oberdiek/kvsetkeys.sty
Package: kvsetkeys 2016/05/16 v1.17 Key value parser (HO)

(/usr/share/texmf-dist/tex/generic/oberdiek/etexcmds.sty
Package: etexcmds 2016/05/16 v1.6 Avoid name clashes with e-TeX commands (HO)

(/usr/share/texmf-dist/tex/generic/oberdiek/ifluatex.sty
Package: ifluatex 2016/05/16 v1.4 Provides the ifluatex switch (HO)
Package ifluatex Info: LuaTeX not detected.
))))
(/usr/share/texmf-dist/tex/generic/oberdiek/pdftexcmds.sty
Package: pdftexcmds 2019/07/25 v0.30 Utility functions of pdfTeX for LuaTeX (HO
)
Package pdftexcmds Info: LuaTeX not detected.
Package pdftexcmds Info: \pdf@primitive is available.
Package pdftexcmds Info: \pdf@ifprimitive is available.
Package pdftexcmds Info: \pdfdraftmode found.
)
Package epstopdf-base Info: Redefining graphics rule for `.eps' on input line 4
38.
Package grfext Info: Graphics extension search list:
(grfext)             [.pdf,.png,.jpg,.mps,.jpeg,.jbig2,.jb2,.PDF,.PNG,.JPG,.JPE
G,.JBIG2,.JB2,.eps]
(grfext)             \AppendGraphicsExtensions on input line 456.

(/usr/share/texmf-dist/tex/latex/latexconfig/epstopdf-sys.cfg
File: epstopdf-sys.cfg 2010/07/13 v1.3 Configuration of (r)epstopdf for TeX Liv
e
))
(/usr/share/texmf-dist/tex/latex/oberdiek/pdflscape.sty
Package: pdflscape 2016/05/14 v0.11 Display of landscape pages in PDF (HO)

(/usr/share/texmf-dist/tex/latex/graphics/lscape.sty
Package: lscape 2000/10/22 v3.01 Landscape Pages (DPC)
)
Package pdflscape Info: Auto-detected driver: pdftex on input line 81.

(/usr/share/texmf-dist/tex/generic/ifxetex/ifxetex.sty
Package: ifxetex 2010/09/12 v0.6 Provides ifxetex conditional
))
LaTeX Font Info:    External font `cmex10' loaded for size
(Font)              <12> on input line 9.
LaTeX Font Info:    External font `cmex10' loaded for size
(Font)              <8> on input line 9.
LaTeX Font Info:    External font `cmex10' loaded for size
(Font)              <6> on input line 9.
<3-1.pdf, id=1, 597.50829pt x 845.0471pt>
File: 3-1.pdf Graphic file (type pdf)
<use 3-1.pdf>
Package pdftex.def Info: 3-1.pdf  used on input line 14.
(pdftex.def)             Requested size: 597.50682pt x 845.04504pt.
File: 3-1.pdf Graphic file (type pdf)
<use 3-1.pdf>
Package pdftex.def Info: 3-1.pdf  used on input line 14.
(pdftex.def)             Requested size: 597.50682pt x 845.04504pt.
<3-1.pdf, id=4, page=1, 597.50829pt x 845.0471pt>
File: 3-1.pdf Graphic file (type pdf)
<use 3-1.pdf, page 1>
Package pdftex.def Info: 3-1.pdf , page1 used on input line 14.
(pdftex.def)             Requested size: 597.50682pt x 845.04504pt.
File: 3-1.pdf Graphic file (type pdf)
<use 3-1.pdf, page 1>
Package pdftex.def Info: 3-1.pdf , page1 used on input line 14.
(pdftex.def)             Requested size: 562.12285pt x 795.00201pt.
 [1

{/var/lib/texmf/fonts/map/pdftex/updmap/pdftex.map}]
File: 3-1.pdf Graphic file (type pdf)
<use 3-1.pdf, page 1>
Package pdftex.def Info: 3-1.pdf , page1 used on input line 14.
(pdftex.def)             Requested size: 562.12285pt x 795.00201pt.
File: 3-1.pdf Graphic file (type pdf)
<use 3-1.pdf, page 1>
Package pdftex.def Info: 3-1.pdf , page1 used on input line 14.
(pdftex.def)             Requested size: 562.12285pt x 795.00201pt.
File: 3-1.pdf Graphic file (type pdf)
<use 3-1.pdf, page 1>
Package pdftex.def Info: 3-1.pdf , page1 used on input line 14.
(pdftex.def)             Requested size: 562.12285pt x 795.00201pt.
 [2 <./3-1.pdf>]
<3-2.pdf, id=37, 597.50829pt x 845.0471pt>
File: 3-2.pdf Graphic file (type pdf)
<use 3-2.pdf>
Package pdftex.def Info: 3-2.pdf  used on input line 16.
(pdftex.def)             Requested size: 597.50682pt x 845.04504pt.
File: 3-2.pdf Graphic file (type pdf)
<use 3-2.pdf>
Package pdftex.def Info: 3-2.pdf  used on input line 16.
(pdftex.def)             Requested size: 597.50682pt x 845.04504pt.
<3-2.pdf, id=40, page=1, 597.50829pt x 845.0471pt>
File: 3-2.pdf Graphic file (type pdf)
<use 3-2.pdf, page 1>
Package pdftex.def Info: 3-2.pdf , page1 used on input line 16.
(pdftex.def)             Requested size: 597.50682pt x 845.04504pt.
File: 3-2.pdf Graphic file (type pdf)
<use 3-2.pdf, page 1>
Package pdftex.def Info: 3-2.pdf , page1 used on input line 16.
(pdftex.def)             Requested size: 562.12285pt x 795.00201pt.
File: 3-2.pdf Graphic file (type pdf)
<use 3-2.pdf, page 1>
Package pdftex.def Info: 3-2.pdf , page1 used on input line 16.
(pdftex.def)             Requested size: 562.12285pt x 795.00201pt.
File: 3-2.pdf Graphic file (type pdf)
<use 3-2.pdf, page 1>
Package pdftex.def Info: 3-2.pdf , page1 used on input line 16.
(pdftex.def)             Requested size: 562.12285pt x 795.00201pt.
File: 3-2.pdf Graphic file (type pdf)
<use 3-2.pdf, page 1>
Package pdftex.def Info: 3-2.pdf , page1 used on input line 16.
(pdftex.def)             Requested size: 562.12285pt x 795.00201pt.
 [3 <./3-2.pdf>]
<aufgabe3-3.pdf, id=62, 597.50829pt x 845.0471pt>
File: aufgabe3-3.pdf Graphic file (type pdf)
<use aufgabe3-3.pdf>
Package pdftex.def Info: aufgabe3-3.pdf  used on input line 17.
(pdftex.def)             Requested size: 597.50682pt x 845.04504pt.
File: aufgabe3-3.pdf Graphic file (type pdf)
<use aufgabe3-3.pdf>
Package pdftex.def Info: aufgabe3-3.pdf  used on input line 17.
(pdftex.def)             Requested size: 597.50682pt x 845.04504pt.
<aufgabe3-3.pdf, id=65, page=1, 597.50829pt x 845.0471pt>
File: aufgabe3-3.pdf Graphic file (type pdf)
<use aufgabe3-3.pdf, page 1>
Package pdftex.def Info: aufgabe3-3.pdf , page1 used on input line 17.
(pdftex.def)             Requested size: 597.50682pt x 845.04504pt.
File: aufgabe3-3.pdf Graphic file (type pdf)
<use aufgabe3-3.pdf, page 1>
Package pdftex.def Info: aufgabe3-3.pdf , page1 used on input line 17.
(pdftex.def)             Requested size: 562.12285pt x 795.00201pt.
File: aufgabe3-3.pdf Graphic file (type pdf)
<use aufgabe3-3.pdf, page 1>
Package pdftex.def Info: aufgabe3-3.pdf , page1 used on input line 17.
(pdftex.def)             Requested size: 562.12285pt x 795.00201pt.
File: aufgabe3-3.pdf Graphic file (type pdf)
<use aufgabe3-3.pdf, page 1>
Package pdftex.def Info: aufgabe3-3.pdf , page1 used on input line 17.
(pdftex.def)             Requested size: 562.12285pt x 795.00201pt.
File: aufgabe3-3.pdf Graphic file (type pdf)
<use aufgabe3-3.pdf, page 1>
Package pdftex.def Info: aufgabe3-3.pdf , page1 used on input line 17.
(pdftex.def)             Requested size: 562.12285pt x 795.00201pt.
 [4 <./aufgabe3-3.pdf>]
<aufgabe_3_.pdf, id=90, 614.295pt x 794.97pt>
File: aufgabe_3_.pdf Graphic file (type pdf)
<use aufgabe_3_.pdf>
Package pdftex.def Info: aufgabe_3_.pdf  used on input line 18.
(pdftex.def)             Requested size: 614.29349pt x 794.96806pt.
File: aufgabe_3_.pdf Graphic file (type pdf)
<use aufgabe_3_.pdf>
Package pdftex.def Info: aufgabe_3_.pdf  used on input line 18.
(pdftex.def)             Requested size: 614.29349pt x 794.96806pt.
<aufgabe_3_.pdf, id=93, page=1, 614.295pt x 794.97pt>
File: aufgabe_3_.pdf Graphic file (type pdf)
<use aufgabe_3_.pdf, page 1>
Package pdftex.def Info: aufgabe_3_.pdf , page1 used on input line 18.
(pdftex.def)             Requested size: 614.29349pt x 794.96806pt.
File: aufgabe_3_.pdf Graphic file (type pdf)
<use aufgabe_3_.pdf, page 1>
Package pdftex.def Info: aufgabe_3_.pdf , page1 used on input line 18.
(pdftex.def)             Requested size: 614.58406pt x 795.3441pt.
File: aufgabe_3_.pdf Graphic file (type pdf)
<use aufgabe_3_.pdf, page 1>
Package pdftex.def Info: aufgabe_3_.pdf , page1 used on input line 18.
(pdftex.def)             Requested size: 614.58406pt x 795.3441pt.
File: aufgabe_3_.pdf Graphic file (type pdf)
<use aufgabe_3_.pdf, page 1>
Package pdftex.def Info: aufgabe_3_.pdf , page1 used on input line 18.
(pdftex.def)             Requested size: 614.58406pt x 795.3441pt.
File: aufgabe_3_.pdf Graphic file (type pdf)
<use aufgabe_3_.pdf, page 1>
Package pdftex.def Info: aufgabe_3_.pdf , page1 used on input line 18.
(pdftex.def)             Requested size: 614.58406pt x 795.3441pt.
 [5 <./aufgabe_3_.pdf>]
<3-5.pdf, id=109, 597.50829pt x 845.0471pt>
File: 3-5.pdf Graphic file (type pdf)
<use 3-5.pdf>
Package pdftex.def Info: 3-5.pdf  used on input line 20.
(pdftex.def)             Requested size: 597.50682pt x 845.04504pt.
File: 3-5.pdf Graphic file (type pdf)
<use 3-5.pdf>
Package pdftex.def Info: 3-5.pdf  used on input line 20.
(pdftex.def)             Requested size: 597.50682pt x 845.04504pt.
<3-5.pdf, id=112, page=1, 597.50829pt x 845.0471pt>
File: 3-5.pdf Graphic file (type pdf)
<use 3-5.pdf, page 1>
Package pdftex.def Info: 3-5.pdf , page1 used on input line 20.
(pdftex.def)             Requested size: 597.50682pt x 845.04504pt.
File: 3-5.pdf Graphic file (type pdf)
<use 3-5.pdf, page 1>
Package pdftex.def Info: 3-5.pdf , page1 used on input line 20.
(pdftex.def)             Requested size: 562.12285pt x 795.00201pt.
File: 3-5.pdf Graphic file (type pdf)
<use 3-5.pdf, page 1>
Package pdftex.def Info: 3-5.pdf , page1 used on input line 20.
(pdftex.def)             Requested size: 562.12285pt x 795.00201pt.
File: 3-5.pdf Graphic file (type pdf)
<use 3-5.pdf, page 1>
Package pdftex.def Info: 3-5.pdf , page1 used on input line 20.
(pdftex.def)             Requested size: 562.12285pt x 795.00201pt.
File: 3-5.pdf Graphic file (type pdf)
<use 3-5.pdf, page 1>
Package pdftex.def Info: 3-5.pdf , page1 used on input line 20.
(pdftex.def)             Requested size: 562.12285pt x 795.00201pt.
 [6 <./3-5.pdf>] (./serie3.aux) ) 
Here is how much of TeX's memory you used:
 2854 strings out of 492167
 40488 string characters out of 6131557
 110739 words of memory out of 5000000
 7180 multiletter control sequences out of 15000+600000
 6675 words of font info for 24 fonts, out of 8000000 for 9000
 1141 hyphenation exceptions out of 8191
 46i,18n,45p,284b,430s stack positions out of 5000i,500n,10000p,200000b,80000s
</usr/share/texmf-dist/fonts/type1/public/amsf
onts/cm/cmbx12.pfb></usr/share/texmf-dist/fonts/type1/public/amsfonts/cm/cmex10
.pfb></usr/share/texmf-dist/fonts/type1/public/amsfonts/cm/cmmi10.pfb></usr/sha
re/texmf-dist/fonts/type1/public/amsfonts/cm/cmmi7.pfb></usr/share/texmf-dist/f
onts/type1/public/amsfonts/cm/cmr10.pfb></usr/share/texmf-dist/fonts/type1/publ
ic/amsfonts/cm/cmr12.pfb></usr/share/texmf-dist/fonts/type1/public/amsfonts/cm/
cmr17.pfb></usr/share/texmf-dist/fonts/type1/public/amsfonts/cm/cmr7.pfb></usr/
share/texmf-dist/fonts/type1/public/amsfonts/cm/cmsy10.pfb></usr/share/texmf-di
st/fonts/type1/public/amsfonts/cm/cmsy7.pfb></usr/share/texmf-dist/fonts/type1/
public/amsfonts/cm/cmti10.pfb>
Output written on serie3.pdf (6 pages, 173501 bytes).
PDF statistics:
 166 PDF objects out of 1000 (max. 8388607)
 125 compressed objects within 2 object streams
 0 named destinations out of 1000 (max. 500000)
 101 words of extra memory for PDF output out of 10000 (max. 10000000)

